<?xml version="1.0" encoding="UTF-8"?>
<!-- Generated by org.testng.reporters.JUnitReportReporter -->
<testsuite hostname="DESKTOP-LLLGMOJ" failures="0" tests="2" name="orangehrm_testscripts.TestOrangeHrmLogin" time="6.169" errors="0" timestamp="2023-05-29T20:43:07 IST" skipped="0">
  <testcase classname="orangehrm_testscripts.TestOrangeHrmLogin" name="testWithInvalidData" time="3.904"/>
  <system-out/>
  <testcase classname="orangehrm_testscripts.TestOrangeHrmLogin" name="testWithValidData" time="2.265"/>
  <system-out/>
</testsuite> <!-- orangehrm_testscripts.TestOrangeHrmLogin -->
