<?xml version="1.0" encoding="UTF-8"?>
<!-- Generated by org.testng.reporters.JUnitReportReporter -->
<testsuite hostname="DESKTOP-LLLGMOJ" failures="0" tests="3" name="runner.TestRunner" time="40.542" errors="0" timestamp="30 May 2023 15:33:00 GMT">
  <testcase classname="runner.TestRunner" name="runScenario" time="9.467"/>
  <testcase classname="runner.TestRunner" name="runScenario" time="11.763"/>
  <testcase classname="runner.TestRunner" name="runScenario" time="19.312"/>
</testsuite> <!-- runner.TestRunner -->
