<?xml version="1.0" encoding="UTF-8"?>
<!-- Generated by org.testng.reporters.JUnitReportReporter -->
<testsuite hostname="DESKTOP-LLLGMOJ" failures="0" tests="3" name="runner.TestRunner" time="28.962" errors="0" timestamp="2023-05-30T20:51:13 IST" skipped="0">
  <testcase classname="runner.TestRunner" name="runScenario" time="11.435"/>
  <system-out/>
  <testcase classname="runner.TestRunner" name="runScenario" time="8.431"/>
  <system-out/>
  <testcase classname="runner.TestRunner" name="runScenario" time="9.096"/>
  <system-out/>
</testsuite> <!-- runner.TestRunner -->
